<?xml version="1.0" encoding="UTF-8"?>
<!-- Generated by org.testng.reporters.JUnitXMLReporter -->
<testsuite ignored="1" hostname="DESKTOP-9RD2K0O" failures="0" tests="4" name="Test" time="5.664" errors="0" timestamp="2024-06-05T01:19:10 IST">
  <testcase classname="tp.enabletestcase" name="f3" time="0.024"/>
  <testcase classname="tp.enabletestcase" name="f4" time="0.003"/>
  <testcase classname="tp.enabletestcase" name="firstTestCase" time="0.004"/>
  <testcase classname="tp.GmailAssersion" name="f" time="5.529"/>
  <testcase classname="tp.enabletestcase" name="f2" time="0.0">
    <ignored/>
  </testcase> <!-- f2 -->
</testsuite> <!-- Test -->
