<?xml version="1.0" encoding="UTF-8"?>
<!-- Generated by org.testng.reporters.JUnitXMLReporter -->
<testsuite ignored="1" hostname="DESKTOP-9RD2K0O" failures="0" tests="4" name="Test" time="14.266" errors="0" timestamp="2024-06-05T13:11:27 IST">
  <testcase classname="tp.enabletestcase" name="f3" time="0.032"/>
  <testcase classname="tp.enabletestcase" name="f4" time="0.01"/>
  <testcase classname="tp.enabletestcase" name="firstTestCase" time="0.002"/>
  <testcase classname="tp.GmailAssersion" name="f" time="14.036"/>
  <testcase classname="tp.enabletestcase" name="f2" time="0.0">
    <ignored/>
  </testcase> <!-- f2 -->
</testsuite> <!-- Test -->
