<?xml version="1.0" encoding="UTF-8"?>
<testng-results ignored="1" total="5" passed="4" failed="0" skipped="0">
  <reporter-output>
  </reporter-output>
  <suite started-at="2024-06-05T13:11:12 IST" name="Suite" finished-at="2024-06-05T13:11:27 IST" duration-ms="14266">
    <groups>
    </groups>
    <test started-at="2024-06-05T13:11:12 IST" name="Test" finished-at="2024-06-05T13:11:27 IST" duration-ms="14266">
      <class name="tp.enabletestcase">
        <test-method signature="f3()[pri:0, instance:tp.enabletestcase@1677d1]" started-at="2024-06-05T13:11:13 IST" name="f3" finished-at="2024-06-05T13:11:13 IST" duration-ms="32" status="PASS">
          <reporter-output>
          </reporter-output>
        </test-method> <!-- f3 -->
        <test-method signature="f4()[pri:0, instance:tp.enabletestcase@1677d1]" started-at="2024-06-05T13:11:13 IST" name="f4" finished-at="2024-06-05T13:11:13 IST" duration-ms="10" status="PASS">
          <reporter-output>
          </reporter-output>
        </test-method> <!-- f4 -->
        <test-method signature="firstTestCase()[pri:0, instance:tp.enabletestcase@1677d1]" started-at="2024-06-05T13:11:13 IST" name="firstTestCase" finished-at="2024-06-05T13:11:13 IST" duration-ms="2" status="PASS">
          <reporter-output>
          </reporter-output>
        </test-method> <!-- firstTestCase -->
      </class> <!-- tp.enabletestcase -->
      <class name="tp.GmailAssersion">
        <test-method signature="f()[pri:0, instance:tp.GmailAssersion@778d1062]" started-at="2024-06-05T13:11:13 IST" name="f" finished-at="2024-06-05T13:11:27 IST" duration-ms="14036" status="PASS">
          <reporter-output>
          </reporter-output>
        </test-method> <!-- f -->
      </class> <!-- tp.GmailAssersion -->
    </test> <!-- Test -->
  </suite> <!-- Suite -->
</testng-results>
