<?xml version="1.0" encoding="UTF-8"?>
<testsuite xmlns:xsi="http://www.w3.org/2001/XMLSchema-instance" xsi:noNamespaceSchemaLocation="https://maven.apache.org/surefire/maven-surefire-plugin/xsd/surefire-test-report-3.0.xsd" version="3.0" name="TestSuite" time="17.229" tests="4" errors="0" skipped="0" failures="0">
  <properties>
[...]
</properties>
  <testcase name="f3" classname="tp.enabletestcase" time="0.056">
    <system-out><![CDATA[Test case 3 is enable
]]></system-out>
  </testcase>
  <testcase name="f4" classname="tp.enabletestcase" time="0.011">
    <system-out><![CDATA[Test case 4 is enabled
]]></system-out>
  </testcase>
  <testcase name="firstTestCase" classname="tp.enabletestcase" time="0.007">
    <system-out><![CDATA[This test case 1 is enabled
]]></system-out>
  </testcase>
  <testcase name="f" classname="tp.GmailAssersion" time="14.017">
    <system-err><![CDATA[Jun 05, 2024 1:11:23 PM org.openqa.selenium.devtools.CdpVersionFinder findNearestMatch
WARNING: Unable to find an exact match for CDP version 125, returning the closest version; found: 121; Please update to a Selenium version that supports CDP version 125
]]></system-err>
  </testcase>
</testsuite>