<?xml version="1.0" encoding="UTF-8"?>
<testng-results ignored="1" total="5" passed="4" failed="0" skipped="0">
  <reporter-output>
  </reporter-output>
  <suite started-at="2024-06-05T01:19:04 IST" name="Suite" finished-at="2024-06-05T01:19:10 IST" duration-ms="5664">
    <groups>
    </groups>
    <test started-at="2024-06-05T01:19:04 IST" name="Test" finished-at="2024-06-05T01:19:10 IST" duration-ms="5664">
      <class name="tp.enabletestcase">
        <test-method signature="f3()[pri:0, instance:tp.enabletestcase@6e4784bc]" started-at="2024-06-05T01:19:04 IST" name="f3" finished-at="2024-06-05T01:19:04 IST" duration-ms="24" status="PASS">
          <reporter-output>
          </reporter-output>
        </test-method> <!-- f3 -->
        <test-method signature="f4()[pri:0, instance:tp.enabletestcase@6e4784bc]" started-at="2024-06-05T01:19:04 IST" name="f4" finished-at="2024-06-05T01:19:04 IST" duration-ms="3" status="PASS">
          <reporter-output>
          </reporter-output>
        </test-method> <!-- f4 -->
        <test-method signature="firstTestCase()[pri:0, instance:tp.enabletestcase@6e4784bc]" started-at="2024-06-05T01:19:04 IST" name="firstTestCase" finished-at="2024-06-05T01:19:04 IST" duration-ms="4" status="PASS">
          <reporter-output>
          </reporter-output>
        </test-method> <!-- firstTestCase -->
      </class> <!-- tp.enabletestcase -->
      <class name="tp.GmailAssersion">
        <test-method signature="f()[pri:0, instance:tp.GmailAssersion@13e39c73]" started-at="2024-06-05T01:19:04 IST" name="f" finished-at="2024-06-05T01:19:10 IST" duration-ms="5529" status="PASS">
          <reporter-output>
          </reporter-output>
        </test-method> <!-- f -->
      </class> <!-- tp.GmailAssersion -->
    </test> <!-- Test -->
  </suite> <!-- Suite -->
</testng-results>
